#
# There is insufficient memory for the Java Runtime Environment to continue.
# Native memory allocation (malloc) failed to allocate 1216496 bytes for Chunk::new
# Possible reasons:
#   The system is out of physical RAM or swap space
#   The process is running with CompressedOops enabled, and the Java Heap may be blocking the growth of the native heap
# Possible solutions:
#   Reduce memory load on the system
#   Increase physical memory or swap space
#   Check if swap backing store is full
#   Decrease Java heap size (-Xmx/-Xms)
#   Decrease number of Java threads
#   Decrease Java thread stack sizes (-Xss)
#   Set larger code cache with -XX:ReservedCodeCacheSize=
#   JVM is running with Unscaled Compressed Oops mode in which the Java heap is
#     placed in the first 4GB address space. The Java Heap base address is the
#     maximum limit for the native heap growth. Please use -XX:HeapBaseMinAddress
#     to set the Java Heap base and to place the Java Heap above 4GB virtual address.
# This output file may be truncated or incomplete.
#
#  Out of Memory Error (allocation.cpp:389), pid=4300, tid=0x00000000000027c0
#
# JRE version: OpenJDK Runtime Environment (8.0_242-b01) (build 1.8.0_242-release-1644-b01)
# Java VM: OpenJDK 64-Bit Server VM (25.242-b01 mixed mode windows-amd64 compressed oops)
# Failed to write core dump. Minidumps are not enabled by default on client versions of Windows
#

---------------  T H R E A D  ---------------

Current thread (0x0000000017b57800):  JavaThread "C2 CompilerThread0" daemon [_thread_in_native, id=10176, stack(0x00000000191d0000,0x00000000192d0000)]

Stack: [0x00000000191d0000,0x00000000192d0000]
[error occurred during error reporting (printing stack bounds), id 0xc0000005]

Native frames: (J=compiled Java code, j=interpreted, Vv=VM code, C=native code)


Current CompileTask:
C2:28495502 50746       4       com.android.tools.r8.ir.regalloc.a::a (3992 bytes)


---------------  P R O C E S S  ---------------

Java Threads: ( => current thread )
  0x000000001ae8d800 JavaThread "RMI TCP Connection(173)-127.0.0.1" daemon [_thread_in_native, id=8400, stack(0x00000000465c0000,0x00000000466c0000)]
  0x000000001ae8c800 JavaThread "RMI TCP Connection(174)-127.0.0.1" daemon [_thread_in_native, id=2952, stack(0x00000000463c0000,0x00000000464c0000)]
  0x000000001ae8c000 JavaThread "RMI Reaper" [_thread_blocked, id=9592, stack(0x0000000045c10000,0x0000000045d10000)]
  0x000000001ae8b000 JavaThread "GC Daemon" daemon [_thread_blocked, id=1176, stack(0x0000000045b10000,0x0000000045c10000)]
  0x000000001ae86000 JavaThread "stdout" [_thread_in_native, id=3396, stack(0x0000000045910000,0x0000000045a10000)]
  0x000000001ae8a800 JavaThread "stderr" [_thread_in_native, id=812, stack(0x0000000045810000,0x0000000045910000)]
  0x000000001ae84800 JavaThread "pool-68-thread-1" [_thread_blocked, id=236, stack(0x0000000045410000,0x0000000045510000)]
  0x000000001ae83000 JavaThread "WorkerExecutor Queue Thread 2" [_thread_blocked, id=3340, stack(0x0000000044f10000,0x0000000045010000)]
  0x000000001ae85000 JavaThread "WorkerExecutor Queue" [_thread_blocked, id=10248, stack(0x0000000043dc0000,0x0000000043ec0000)]
  0x000000002bb1d800 JavaThread "Cache worker for execution history cache (C:\Users\Akmal\AndroidStudioProjects\RentCar\.gradle\6.5\executionHistory)" [_thread_blocked, id=10456, stack(0x0000000043cc0000,0x0000000043dc0000)]
  0x000000002bb1f000 JavaThread "Execution worker for ':' Thread 3" [_thread_blocked, id=2932, stack(0x0000000041b30000,0x0000000041c30000)]
  0x000000002bb1d000 JavaThread "Execution worker for ':' Thread 2" [_thread_blocked, id=9888, stack(0x00000000409e0000,0x0000000040ae0000)]
  0x000000002bb1b800 JavaThread "Execution worker for ':'" [_thread_blocked, id=7884, stack(0x000000003e910000,0x000000003ea10000)]
  0x000000002bb1c000 JavaThread "Cache worker for file content cache (C:\Users\Akmal\AndroidStudioProjects\RentCar\.gradle\6.5\fileContent)" [_thread_blocked, id=3060, stack(0x000000003d000000,0x000000003d100000)]
  0x000000002bb13800 JavaThread "pool-67-thread-1" [_thread_blocked, id=1148, stack(0x000000003c300000,0x000000003c400000)]
  0x000000002bb1a800 JavaThread "Cache worker for Build Output Cleanup Cache (C:\Users\Akmal\AndroidStudioProjects\RentCar\.gradle\buildOutputCleanup)" [_thread_blocked, id=10676, stack(0x0000000033f40000,0x0000000034040000)]
  0x000000002bb12000 JavaThread "jar transforms Thread 3704" [_thread_blocked, id=11208, stack(0x0000000033e40000,0x0000000033f40000)]
  0x000000002bb19000 JavaThread "jar transforms Thread 3703" [_thread_blocked, id=8448, stack(0x0000000033d40000,0x0000000033e40000)]
  0x000000002bb18000 JavaThread "jar transforms Thread 3702" [_thread_blocked, id=6424, stack(0x0000000033c40000,0x0000000033d40000)]
  0x000000002bb11800 JavaThread "jar transforms Thread 3701" [_thread_blocked, id=6528, stack(0x0000000033b40000,0x0000000033c40000)]
  0x000000002bb14800 JavaThread "jar transforms Thread 3700" [_thread_blocked, id=212, stack(0x0000000033840000,0x0000000033940000)]
  0x000000002bb16000 JavaThread "jar transforms Thread 3699" [_thread_blocked, id=9092, stack(0x0000000033520000,0x0000000033620000)]
  0x000000002bb17800 JavaThread "jar transforms Thread 3698" [_thread_blocked, id=7908, stack(0x0000000033420000,0x0000000033520000)]
  0x000000002bb10800 JavaThread "jar transforms Thread 3697" [_thread_blocked, id=9624, stack(0x0000000033320000,0x0000000033420000)]
  0x000000001f0a5000 JavaThread "jar transforms Thread 3696" [_thread_blocked, id=6752, stack(0x0000000033220000,0x0000000033320000)]
  0x000000001f0a9800 JavaThread "jar transforms Thread 3695" [_thread_blocked, id=11040, stack(0x0000000033120000,0x0000000033220000)]
  0x000000001f0a8800 JavaThread "jar transforms Thread 3694" [_thread_blocked, id=8212, stack(0x0000000033020000,0x0000000033120000)]
  0x000000001f0a1000 JavaThread "jar transforms Thread 3693" [_thread_blocked, id=11024, stack(0x0000000032f20000,0x0000000033020000)]
  0x000000001f0a2800 JavaThread "jar transforms Thread 3692" [_thread_blocked, id=11060, stack(0x0000000032e20000,0x0000000032f20000)]
  0x000000001f0a5800 JavaThread "jar transforms Thread 3691" [_thread_blocked, id=3232, stack(0x0000000032d20000,0x0000000032e20000)]
  0x000000001f0a2000 JavaThread "jar transforms Thread 3690" [_thread_blocked, id=10144, stack(0x0000000032c20000,0x0000000032d20000)]
  0x000000001f0a8000 JavaThread "jar transforms Thread 3689" [_thread_blocked, id=10440, stack(0x0000000032b20000,0x0000000032c20000)]
  0x000000001f0a0800 JavaThread "jar transforms Thread 3688" [_thread_blocked, id=4296, stack(0x0000000032a20000,0x0000000032b20000)]
  0x000000001f0a3800 JavaThread "jar transforms Thread 3687" [_thread_blocked, id=8628, stack(0x0000000031900000,0x0000000031a00000)]
  0x000000001f0a4000 JavaThread "jar transforms Thread 3686" [_thread_blocked, id=7512, stack(0x0000000031800000,0x0000000031900000)]
  0x000000001f0a7000 JavaThread "jar transforms Thread 3685" [_thread_blocked, id=240, stack(0x0000000031700000,0x0000000031800000)]
  0x000000001f0a6800 JavaThread "jar transforms Thread 3684" [_thread_blocked, id=2416, stack(0x0000000031140000,0x0000000031240000)]
  0x000000001f099000 JavaThread "jar transforms Thread 3683" [_thread_blocked, id=8856, stack(0x000000002f980000,0x000000002fa80000)]
  0x000000001f09f000 JavaThread "jar transforms Thread 3682" [_thread_blocked, id=2132, stack(0x000000002f780000,0x000000002f880000)]
  0x000000001f09f800 JavaThread "jar transforms Thread 3681" [_thread_blocked, id=8684, stack(0x000000002f680000,0x000000002f780000)]
  0x000000001f09c000 JavaThread "jar transforms Thread 3680" [_thread_blocked, id=772, stack(0x000000002ee80000,0x000000002ef80000)]
  0x000000001f098000 JavaThread "jar transforms Thread 3679" [_thread_blocked, id=1220, stack(0x000000002ed80000,0x000000002ee80000)]
  0x000000001f09b000 JavaThread "jar transforms Thread 3678" [_thread_blocked, id=5384, stack(0x000000002ea80000,0x000000002eb80000)]
  0x000000001f09c800 JavaThread "jar transforms Thread 3677" [_thread_blocked, id=9432, stack(0x000000002e980000,0x000000002ea80000)]
  0x000000001f09a800 JavaThread "jar transforms Thread 3676" [_thread_blocked, id=11224, stack(0x000000002e880000,0x000000002e980000)]
  0x000000001f09e000 JavaThread "jar transforms Thread 3675" [_thread_blocked, id=10460, stack(0x000000002e680000,0x000000002e780000)]
  0x000000001f097800 JavaThread "jar transforms Thread 3674" [_thread_blocked, id=10640, stack(0x000000002e580000,0x000000002e680000)]
  0x000000001f08d800 JavaThread "jar transforms Thread 3673" [_thread_blocked, id=10088, stack(0x000000002d0b0000,0x000000002d1b0000)]
  0x000000001f094800 JavaThread "jar transforms Thread 3672" [_thread_blocked, id=5440, stack(0x000000002cb50000,0x000000002cc50000)]
  0x000000001f08d000 JavaThread "jar transforms Thread 3671" [_thread_blocked, id=1260, stack(0x000000002c850000,0x000000002c950000)]
  0x000000001f093800 JavaThread "jar transforms Thread 3670" [_thread_blocked, id=7980, stack(0x000000002a680000,0x000000002a780000)]
  0x000000001f08c000 JavaThread "jar transforms Thread 3669" [_thread_blocked, id=1416, stack(0x000000002a160000,0x000000002a260000)]
  0x000000001f093000 JavaThread "jar transforms Thread 3668" [_thread_blocked, id=8928, stack(0x0000000029e60000,0x0000000029f60000)]
  0x000000001f08f000 JavaThread "jar transforms Thread 3667" [_thread_blocked, id=6680, stack(0x0000000029d60000,0x0000000029e60000)]
  0x000000001f08b800 JavaThread "jar transforms Thread 3666" [_thread_blocked, id=10788, stack(0x0000000029c60000,0x0000000029d60000)]
  0x000000001f090800 JavaThread "jar transforms Thread 3665" [_thread_blocked, id=8876, stack(0x0000000029a60000,0x0000000029b60000)]
  0x000000001f08a800 JavaThread "jar transforms Thread 3664" [_thread_blocked, id=5456, stack(0x0000000029960000,0x0000000029a60000)]
  0x000000001f091800 JavaThread "jar transforms Thread 3663" [_thread_blocked, id=10372, stack(0x0000000029860000,0x0000000029960000)]
  0x00000000435f2800 JavaThread "jar transforms Thread 3662" [_thread_blocked, id=6772, stack(0x0000000029760000,0x0000000029860000)]
  0x00000000435f1000 JavaThread "jar transforms Thread 3661" [_thread_blocked, id=2136, stack(0x0000000029660000,0x0000000029760000)]
  0x00000000435f0800 JavaThread "jar transforms Thread 3660" [_thread_blocked, id=6624, stack(0x0000000029560000,0x0000000029660000)]
  0x00000000435f2000 JavaThread "jar transforms Thread 3659" [_thread_blocked, id=8196, stack(0x0000000029460000,0x0000000029560000)]
  0x00000000435ef800 JavaThread "jar transforms Thread 3658" [_thread_blocked, id=7772, stack(0x0000000029360000,0x0000000029460000)]
  0x00000000435f4000 JavaThread "jar transforms Thread 3657" [_thread_blocked, id=4284, stack(0x0000000029260000,0x0000000029360000)]
  0x00000000435f3800 JavaThread "jar transforms Thread 3656" [_thread_blocked, id=10128, stack(0x0000000029160000,0x0000000029260000)]
  0x00000000435e8000 JavaThread "jar transforms Thread 3655" [_thread_blocked, id=9464, stack(0x0000000029060000,0x0000000029160000)]
  0x00000000435ef000 JavaThread "jar transforms Thread 3654" [_thread_blocked, id=9932, stack(0x0000000028f60000,0x0000000029060000)]
  0x00000000435e7800 JavaThread "jar transforms Thread 3653" [_thread_blocked, id=6668, stack(0x0000000028e60000,0x0000000028f60000)]
  0x00000000435ee000 JavaThread "jar transforms Thread 3652" [_thread_blocked, id=10800, stack(0x0000000028d60000,0x0000000028e60000)]
  0x00000000435ed800 JavaThread "jar transforms Thread 3651" [_thread_blocked, id=11128, stack(0x0000000028c60000,0x0000000028d60000)]
  0x00000000435ec800 JavaThread "jar transforms Thread 3650" [_thread_blocked, id=8888, stack(0x0000000028b60000,0x0000000028c60000)]
  0x00000000435e6800 JavaThread "jar transforms Thread 3649" [_thread_blocked, id=10504, stack(0x0000000028a60000,0x0000000028b60000)]
  0x00000000435ec000 JavaThread "jar transforms Thread 3648" [_thread_blocked, id=3736, stack(0x0000000028960000,0x0000000028a60000)]
  0x00000000435e4800 JavaThread "jar transforms Thread 3647" [_thread_blocked, id=11212, stack(0x0000000028650000,0x0000000028750000)]
  0x00000000435e5000 JavaThread "jar transforms Thread 3646" [_thread_blocked, id=5764, stack(0x0000000028550000,0x0000000028650000)]
  0x00000000435eb000 JavaThread "jar transforms Thread 3645" [_thread_blocked, id=1924, stack(0x0000000028450000,0x0000000028550000)]
  0x00000000435ea800 JavaThread "jar transforms Thread 3644" [_thread_blocked, id=336, stack(0x0000000028350000,0x0000000028450000)]
  0x00000000435e3800 JavaThread "jar transforms Thread 3643" [_thread_blocked, id=10124, stack(0x0000000028250000,0x0000000028350000)]
  0x00000000435e6000 JavaThread "jar transforms Thread 3642" [_thread_blocked, id=5312, stack(0x0000000028150000,0x0000000028250000)]
  0x00000000435e9800 JavaThread "jar transforms Thread 3641" [_thread_blocked, id=7864, stack(0x0000000028050000,0x0000000028150000)]
  0x00000000435e9000 JavaThread "jar transforms Thread 3640" [_thread_blocked, id=9948, stack(0x0000000027f50000,0x0000000028050000)]
  0x00000000435e1800 JavaThread "jar transforms Thread 3639" [_thread_blocked, id=10936, stack(0x0000000027e50000,0x0000000027f50000)]
  0x00000000435e2000 JavaThread "jar transforms Thread 3638" [_thread_blocked, id=8772, stack(0x0000000027d50000,0x0000000027e50000)]
  0x00000000435e3000 JavaThread "jar transforms Thread 3637" [_thread_blocked, id=8208, stack(0x0000000027c50000,0x0000000027d50000)]
  0x00000000435da000 JavaThread "jar transforms Thread 3636" [_thread_blocked, id=9200, stack(0x0000000027b50000,0x0000000027c50000)]
  0x00000000435e0800 JavaThread "jar transforms Thread 3635" [_thread_blocked, id=396, stack(0x0000000027a50000,0x0000000027b50000)]
  0x00000000435e0000 JavaThread "jar transforms Thread 3634" [_thread_blocked, id=3800, stack(0x0000000027950000,0x0000000027a50000)]
  0x00000000435df000 JavaThread "jar transforms Thread 3633" [_thread_blocked, id=6616, stack(0x0000000027850000,0x0000000027950000)]
  0x00000000435d8800 JavaThread "jar transforms Thread 3632" [_thread_blocked, id=10472, stack(0x0000000027750000,0x0000000027850000)]
  0x00000000435de800 JavaThread "jar transforms Thread 3631" [_thread_blocked, id=4240, stack(0x0000000027650000,0x0000000027750000)]
  0x00000000435dd800 JavaThread "jar transforms Thread 3630" [_thread_blocked, id=5204, stack(0x0000000027550000,0x0000000027650000)]
  0x00000000435dd000 JavaThread "jar transforms Thread 3629" [_thread_blocked, id=7596, stack(0x0000000027450000,0x0000000027550000)]
  0x00000000435d6000 JavaThread "jar transforms Thread 3628" [_thread_blocked, id=7756, stack(0x0000000027350000,0x0000000027450000)]
  0x00000000435d5800 JavaThread "jar transforms Thread 3627" [_thread_blocked, id=3472, stack(0x0000000027250000,0x0000000027350000)]
  0x00000000435d9000 JavaThread "jar transforms Thread 3626" [_thread_blocked, id=10380, stack(0x0000000027150000,0x0000000027250000)]
  0x00000000435d7800 JavaThread "jar transforms Thread 3625" [_thread_blocked, id=7264, stack(0x0000000027050000,0x0000000027150000)]
  0x00000000435da800 JavaThread "jar transforms Thread 3624" [_thread_blocked, id=6864, stack(0x0000000026f50000,0x0000000027050000)]
  0x000000001fc12000 JavaThread "jar transforms Thread 3623" [_thread_blocked, id=10864, stack(0x0000000026e50000,0x0000000026f50000)]
  0x000000001fc11800 JavaThread "jar transforms Thread 3622" [_thread_blocked, id=4664, stack(0x0000000026d50000,0x0000000026e50000)]
  0x000000001fc10800 JavaThread "jar transforms Thread 3621" [_thread_blocked, id=10900, stack(0x0000000026c50000,0x0000000026d50000)]
  0x000000001fc09000 JavaThread "jar transforms Thread 3620" [_thread_blocked, id=7248, stack(0x0000000026b50000,0x0000000026c50000)]
  0x000000001fc10000 JavaThread "jar transforms Thread 3619" [_thread_blocked, id=4616, stack(0x0000000026a50000,0x0000000026b50000)]
  0x000000001fc0e000 JavaThread "jar transforms Thread 3618" [_thread_blocked, id=9604, stack(0x0000000026950000,0x0000000026a50000)]
  0x000000001fc0c800 JavaThread "jar transforms Thread 3617" [_thread_blocked, id=10508, stack(0x0000000026850000,0x0000000026950000)]
  0x000000001fc0f000 JavaThread "jar transforms Thread 3616" [_thread_blocked, id=7044, stack(0x0000000026750000,0x0000000026850000)]
  0x000000001fc0c000 JavaThread "jar transforms Thread 3615" [_thread_blocked, id=9988, stack(0x0000000026650000,0x0000000026750000)]
  0x000000001fc0d800 JavaThread "jar transforms Thread 3614" [_thread_blocked, id=3528, stack(0x0000000026550000,0x0000000026650000)]
  0x000000001fc0b000 JavaThread "jar transforms Thread 3613" [_thread_blocked, id=3244, stack(0x0000000026450000,0x0000000026550000)]
  0x000000001fc09800 JavaThread "jar transforms Thread 3612" [_thread_blocked, id=5944, stack(0x0000000026350000,0x0000000026450000)]
  0x000000001fc0a800 JavaThread "jar transforms Thread 3611" [_thread_blocked, id=11092, stack(0x0000000026250000,0x0000000026350000)]
  0x000000001fc01800 JavaThread "jar transforms Thread 3610" [_thread_blocked, id=11260, stack(0x0000000026150000,0x0000000026250000)]
  0x000000001fc08000 JavaThread "jar transforms Thread 3609" [_thread_blocked, id=10644, stack(0x0000000026050000,0x0000000026150000)]
  0x000000001fc05000 JavaThread "jar transforms Thread 3608" [_thread_blocked, id=9188, stack(0x0000000025f50000,0x0000000026050000)]
  0x000000001fc07800 JavaThread "jar transforms Thread 3607" [_thread_blocked, id=5556, stack(0x0000000025e50000,0x0000000025f50000)]
  0x000000001fc06800 JavaThread "jar transforms Thread 3606" [_thread_blocked, id=10600, stack(0x0000000025d50000,0x0000000025e50000)]
  0x000000001fc04800 JavaThread "jar transforms Thread 3605" [_thread_blocked, id=9580, stack(0x0000000025c50000,0x0000000025d50000)]
  0x000000001fc03800 JavaThread "jar transforms Thread 3604" [_thread_blocked, id=10824, stack(0x0000000025b50000,0x0000000025c50000)]
  0x000000001fc00000 JavaThread "jar transforms Thread 3603" [_thread_blocked, id=11216, stack(0x0000000025a50000,0x0000000025b50000)]
  0x000000001fc06000 JavaThread "jar transforms Thread 3602" [_thread_blocked, id=4692, stack(0x0000000025950000,0x0000000025a50000)]
  0x000000001fc00800 JavaThread "jar transforms Thread 3601" [_thread_blocked, id=8432, stack(0x0000000025850000,0x0000000025950000)]
  0x000000001fc03000 JavaThread "jar transforms Thread 3600" [_thread_blocked, id=7736, stack(0x0000000025750000,0x0000000025850000)]
  0x000000001fbfb800 JavaThread "jar transforms Thread 3599" [_thread_blocked, id=7188, stack(0x0000000024630000,0x0000000024730000)]
  0x000000001fbfd000 JavaThread "jar transforms Thread 3598" [_thread_blocked, id=1584, stack(0x0000000024530000,0x0000000024630000)]
  0x000000001fbfc000 JavaThread "jar transforms Thread 3597" [_thread_blocked, id=504, stack(0x0000000024430000,0x0000000024530000)]
  0x000000001fbff000 JavaThread "jar transforms Thread 3596" [_thread_blocked, id=9448, stack(0x00000000231e0000,0x00000000232e0000)]
  0x000000001fc02000 JavaThread "jar transforms Thread 3595" [_thread_blocked, id=5792, stack(0x00000000230e0000,0x00000000231e0000)]
  0x000000001fbfd800 JavaThread "jar transforms Thread 3594" [_thread_blocked, id=3124, stack(0x0000000022fe0000,0x00000000230e0000)]
  0x000000001fbfe800 JavaThread "jar transforms Thread 3593" [_thread_blocked, id=660, stack(0x0000000022ee0000,0x0000000022fe0000)]
  0x000000001fbf4000 JavaThread "jar transforms Thread 3592" [_thread_blocked, id=9588, stack(0x0000000022de0000,0x0000000022ee0000)]
  0x000000001fbf5800 JavaThread "jar transforms Thread 3591" [_thread_blocked, id=5976, stack(0x0000000022ce0000,0x0000000022de0000)]
  0x000000001fbfa800 JavaThread "jar transforms Thread 3590" [_thread_blocked, id=1712, stack(0x0000000022be0000,0x0000000022ce0000)]
  0x000000001fbf7000 JavaThread "jar transforms Thread 3589" [_thread_blocked, id=1912, stack(0x0000000022ae0000,0x0000000022be0000)]
  0x000000001fbfa000 JavaThread "Build operations Thread 4" [_thread_in_Java, id=10868, stack(0x00000000229e0000,0x0000000022ae0000)]
  0x000000001fbf9000 JavaThread "Build operations Thread 3" [_thread_in_Java, id=5056, stack(0x00000000228e0000,0x00000000229e0000)]
  0x000000001fbf6000 JavaThread "Build operations Thread 2" [_thread_blocked, id=3952, stack(0x00000000225e0000,0x00000000226e0000)]
  0x000000001fbf3000 JavaThread "Build operations" [_thread_blocked, id=6228, stack(0x0000000021de0000,0x0000000021ee0000)]
  0x000000001fbf8800 JavaThread "Cache worker for cache directory md-rule (C:\Users\Akmal\.gradle\caches\6.5\md-rule)" [_thread_blocked, id=6784, stack(0x0000000021500000,0x0000000021600000)]
  0x000000001bbc2000 JavaThread "Cache worker for cache directory md-supplier (C:\Users\Akmal\.gradle\caches\6.5\md-supplier)" [_thread_blocked, id=8484, stack(0x0000000021400000,0x0000000021500000)]
  0x000000001bbc8800 JavaThread "Cache worker for checksums cache (C:\Users\Akmal\AndroidStudioProjects\RentCar\.gradle\checksums)" [_thread_blocked, id=10340, stack(0x0000000021300000,0x0000000021400000)]
  0x000000001bbc7000 JavaThread "Cache worker for file hash cache (C:\Users\Akmal\AndroidStudioProjects\RentCar\.gradle\6.5\fileHashes)" [_thread_blocked, id=7284, stack(0x0000000021200000,0x0000000021300000)]
  0x000000001bbc6800 JavaThread "Thread-4410" [_thread_blocked, id=264, stack(0x000000001d600000,0x000000001d700000)]
  0x000000001bbc5800 JavaThread "Stdin handler" [_thread_blocked, id=2720, stack(0x000000001d500000,0x000000001d600000)]
  0x000000001bbbe000 JavaThread "Asynchronous log dispatcher for DefaultDaemonConnection: socket connection from /127.0.0.1:53798 to /127.0.0.1:53082" [_thread_blocked, id=8704, stack(0x000000001d400000,0x000000001d500000)]
  0x000000001bbc3800 JavaThread "Daemon worker Thread 30" [_thread_blocked, id=7716, stack(0x000000001c9b0000,0x000000001cab0000)]
  0x000000001bbc2800 JavaThread "Cancel handler" [_thread_blocked, id=9936, stack(0x000000001c8b0000,0x000000001c9b0000)]
  0x000000001bbba800 JavaThread "Handler for socket connection from /127.0.0.1:53798 to /127.0.0.1:53082" [_thread_in_native, id=10848, stack(0x00000000012b0000,0x00000000013b0000)]
  0x000000001bbbd800 JavaThread "Daemon Thread 30" [_thread_blocked, id=5640, stack(0x00000000011b0000,0x00000000012b0000)]
  0x000000001ae8e000 JavaThread "RMI TCP Accept-0" daemon [_thread_in_native, id=10264, stack(0x0000000045710000,0x0000000045810000)]
  0x000000002061a800 JavaThread "RMI TCP Accept-0" daemon [_thread_in_native, id=10580, stack(0x000000003e010000,0x000000003e110000)]
  0x000000001ee1a000 JavaThread "MarlinRenderer Disposer" daemon [_thread_blocked, id=4828, stack(0x0000000030750000,0x0000000030850000)]
  0x000000001ee0e000 JavaThread "Java2D Disposer" daemon [_thread_blocked, id=4532, stack(0x000000002fa80000,0x000000002fb80000)]
  0x0000000020615000 JavaThread "Cache worker for Java compile cache (C:\Users\Akmal\.gradle\caches\6.5\javaCompile)" [_thread_blocked, id=9828, stack(0x000000002fd80000,0x000000002fe80000)]
  0x000000001ee12800 JavaThread "RMI TCP Accept-0" daemon [_thread_in_native, id=9732, stack(0x000000002f880000,0x000000002f980000)]
  0x000000001ee18800 JavaThread "RMI Scheduler(0)" daemon [_thread_blocked, id=2632, stack(0x000000002e780000,0x000000002e880000)]
  0x000000002060e800 JavaThread "Memory manager" [_thread_blocked, id=1820, stack(0x000000002c550000,0x000000002c650000)]
  0x000000001b86b800 JavaThread "Cache worker for file content cache (C:\Users\Akmal\.gradle\caches\6.5\fileContent)" [_thread_blocked, id=2436, stack(0x0000000021ee0000,0x0000000021fe0000)]
  0x000000001b86a000 JavaThread "Cache worker for execution history cache (C:\Users\Akmal\.gradle\caches\6.5\executionHistory)" [_thread_blocked, id=1968, stack(0x00000000216e0000,0x00000000217e0000)]
  0x000000001b86b000 JavaThread "Cache worker for file hash cache (C:\Users\Akmal\.gradle\caches\6.5\fileHashes)" [_thread_blocked, id=9196, stack(0x000000001db00000,0x000000001dc00000)]
  0x000000001b868000 JavaThread "File lock request listener" [_thread_in_native, id=7472, stack(0x000000001da00000,0x000000001db00000)]
  0x0000000019d0d000 JavaThread "Cache worker for journal cache (C:\Users\Akmal\.gradle\caches\journal-1)" [_thread_blocked, id=3940, stack(0x000000001d900000,0x000000001da00000)]
  0x000000001b532800 JavaThread "Daemon periodic checks" [_thread_blocked, id=5756, stack(0x000000001cd00000,0x000000001ce00000)]
  0x000000001b4d6800 JavaThread "Incoming local TCP Connector on port 53798" [_thread_in_native, id=5780, stack(0x000000001cab0000,0x000000001cbb0000)]
  0x000000001b216800 JavaThread "Daemon health stats" [_thread_blocked, id=7008, stack(0x000000001c470000,0x000000001c570000)]
  0x0000000019508800 JavaThread "Service Thread" daemon [_thread_blocked, id=5616, stack(0x00000000198d0000,0x00000000199d0000)]
  0x0000000017b69000 JavaThread "C1 CompilerThread2" daemon [_thread_blocked, id=1808, stack(0x00000000193d0000,0x00000000194d0000)]
  0x0000000017b5a800 JavaThread "C2 CompilerThread1" daemon [_thread_in_native, id=8836, stack(0x00000000192d0000,0x00000000193d0000)]
=>0x0000000017b57800 JavaThread "C2 CompilerThread0" daemon [_thread_in_native, id=10176, stack(0x00000000191d0000,0x00000000192d0000)]
  0x0000000017b54000 JavaThread "Attach Listener" daemon [_thread_blocked, id=6012, stack(0x00000000190d0000,0x00000000191d0000)]
  0x0000000017b52800 JavaThread "Signal Dispatcher" daemon [_thread_blocked, id=628, stack(0x0000000018fd0000,0x00000000190d0000)]
  0x0000000002f2b000 JavaThread "Finalizer" daemon [_thread_blocked, id=3284, stack(0x0000000018dc0000,0x0000000018ec0000)]
  0x0000000017b39000 JavaThread "Reference Handler" daemon [_thread_blocked, id=3272, stack(0x0000000018cc0000,0x0000000018dc0000)]
  0x0000000002d2d800 JavaThread "main" [_thread_blocked, id=2656, stack(0x0000000002d30000,0x0000000002e30000)]

Other Threads:
  0x0000000017b16000 VMThread [stack: 0x0000000018bc0000,0x0000000018cc0000] [id=7028]
  0x0000000019509000 WatcherThread [stack: 0x00000000199d0000,0x0000000019ad0000] [id=4192]

VM state:not at safepoint (normal execution)

VM Mutex/Monitor currently owned by a thread: None

heap address: 0x0000000080000000, size: 2048 MB, Compressed Oops mode: 32-bit
Narrow klass base: 0x0000000000000000, Narrow klass shift: 3
Compressed class space size: 1073741824 Address: 0x0000000100000000

Heap:
 PSYoungGen      total 522752K, used 431932K [0x00000000d5580000, 0x0000000100000000, 0x0000000100000000)
  eden space 444928K, 84% used [0x00000000d5580000,0x00000000ec548c48,0x00000000f0800000)
  from space 77824K, 71% used [0x00000000f0800000,0x00000000f3e06588,0x00000000f5400000)
  to   space 105472K, 0% used [0x00000000f9900000,0x00000000f9900000,0x0000000100000000)
 ParOldGen       total 427520K, used 84442K [0x0000000080000000, 0x000000009a180000, 0x00000000d5580000)
  object space 427520K, 19% used [0x0000000080000000,0x0000000085276ad8,0x000000009a180000)
 Metaspace       used 190914K, capacity 203326K, committed 205336K, reserved 1228800K
  class space    used 24258K, capacity 26311K, committed 26664K, reserved 1048576K

Card table byte_map: [0x00000000122f0000,0x0000000012700000] byte_map_base: 0x0000000011ef0000

Marking Bits: (ParMarkBitMap*) 0x0000000061faf030
 Begin Bits: [0x0000000012db0000, 0x0000000014db0000)
 End Bits:   [0x0000000014db0000, 0x0000000016db0000)

Polling page: 0x0000000001060000

CodeCache: size=245760Kb used=136326Kb max_used=136392Kb free=109433Kb
 bounds [0x0000000002f30000, 0x000000000b560000, 0x0000000011f30000]
 total_blobs=38646 nmethods=37598 adapters=957
 compilation: enabled

Compilation events (10 events):
Event: 28495.409 Thread 0x0000000017b69000 50771       2       com.android.tools.r8.ir.optimize.l::a (1465 bytes)
Event: 28495.420 Thread 0x0000000017b69000 nmethod 50771 0x000000000a483f90 code [0x000000000a4847a0, 0x000000000a487d38]
Event: 28495.429 Thread 0x0000000017b69000 50772       2       com.android.tools.r8.s.b.a::a (4 bytes)
Event: 28495.429 Thread 0x0000000017b69000 nmethod 50772 0x0000000007935a10 code [0x0000000007935b60, 0x0000000007935cb0]
Event: 28495.456 Thread 0x0000000017b69000 50773 %     3       com.android.tools.r8.ir.regalloc.a::e @ 134 (184 bytes)
Event: 28495.459 Thread 0x0000000017b69000 nmethod 50773% 0x000000000affe0d0 code [0x000000000affe440, 0x000000000b000188]
Event: 28495.473 Thread 0x0000000017b69000 50774       2       com.android.tools.r8.ir.regalloc.a$$Lambda$3141/345744610::compare (16 bytes)
Event: 28495.474 Thread 0x0000000017b69000 nmethod 50774 0x000000000a196190 code [0x000000000a196300, 0x000000000a1964e8]
Event: 28495.474 Thread 0x0000000017b69000 50775       2       com.android.tools.r8.ir.regalloc.a::a (66 bytes)
Event: 28495.474 Thread 0x0000000017b69000 nmethod 50775 0x000000000a195d90 code [0x000000000a195ee0, 0x000000000a1960b0]

GC Heap History (10 events):
Event: 28487.534 GC heap before
{Heap before GC invocations=108 (full 13):
 PSYoungGen      total 519680K, used 468720K [0x00000000d5580000, 0x00000000fa000000, 0x0000000100000000)
  eden space 444928K, 100% used [0x00000000d5580000,0x00000000f0800000,0x00000000f0800000)
  from space 74752K, 31% used [0x00000000f5700000,0x00000000f6e3c070,0x00000000fa000000)
  to   space 77824K, 0% used [0x00000000f0800000,0x00000000f0800000,0x00000000f5400000)
 ParOldGen       total 427520K, used 84442K [0x0000000080000000, 0x000000009a180000, 0x00000000d5580000)
  object space 427520K, 19% used [0x0000000080000000,0x0000000085276ad8,0x000000009a180000)
 Metaspace       used 190681K, capacity 203026K, committed 205336K, reserved 1228800K
  class space    used 24251K, capacity 26273K, committed 26664K, reserved 1048576K
Event: 28487.680 GC heap after
Heap after GC invocations=108 (full 13):
 PSYoungGen      total 522752K, used 53410K [0x00000000d5580000, 0x00000000fa000000, 0x0000000100000000)
  eden space 444928K, 0% used [0x00000000d5580000,0x00000000d5580000,0x00000000f0800000)
  from space 77824K, 68% used [0x00000000f0800000,0x00000000f3c28b10,0x00000000f5400000)
  to   space 74752K, 0% used [0x00000000f5700000,0x00000000f5700000,0x00000000fa000000)
 ParOldGen       total 427520K, used 84442K [0x0000000080000000, 0x000000009a180000, 0x00000000d5580000)
  object space 427520K, 19% used [0x0000000080000000,0x0000000085276ad8,0x000000009a180000)
 Metaspace       used 190681K, capacity 203026K, committed 205336K, reserved 1228800K
  class space    used 24251K, capacity 26273K, committed 26664K, reserved 1048576K
}
Event: 28488.962 GC heap before
{Heap before GC invocations=109 (full 13):
 PSYoungGen      total 522752K, used 498338K [0x00000000d5580000, 0x00000000fa000000, 0x0000000100000000)
  eden space 444928K, 100% used [0x00000000d5580000,0x00000000f0800000,0x00000000f0800000)
  from space 77824K, 68% used [0x00000000f0800000,0x00000000f3c28b10,0x00000000f5400000)
  to   space 74752K, 0% used [0x00000000f5700000,0x00000000f5700000,0x00000000fa000000)
 ParOldGen       total 427520K, used 84442K [0x0000000080000000, 0x000000009a180000, 0x00000000d5580000)
  object space 427520K, 19% used [0x0000000080000000,0x0000000085276ad8,0x000000009a180000)
 Metaspace       used 190779K, capacity 203122K, committed 205336K, reserved 1228800K
  class space    used 24253K, capacity 26275K, committed 26664K, reserved 1048576K
Event: 28489.183 GC heap after
Heap after GC invocations=109 (full 13):
 PSYoungGen      total 519680K, used 69340K [0x00000000d5580000, 0x00000000fa000000, 0x0000000100000000)
  eden space 444928K, 0% used [0x00000000d5580000,0x00000000d5580000,0x00000000f0800000)
  from space 74752K, 92% used [0x00000000f5700000,0x00000000f9ab7250,0x00000000fa000000)
  to   space 77824K, 0% used [0x00000000f0800000,0x00000000f0800000,0x00000000f5400000)
 ParOldGen       total 427520K, used 84442K [0x0000000080000000, 0x000000009a180000, 0x00000000d5580000)
  object space 427520K, 19% used [0x0000000080000000,0x0000000085276ad8,0x000000009a180000)
 Metaspace       used 190779K, capacity 203122K, committed 205336K, reserved 1228800K
  class space    used 24253K, capacity 26275K, committed 26664K, reserved 1048576K
}
Event: 28490.681 GC heap before
{Heap before GC invocations=110 (full 13):
 PSYoungGen      total 519680K, used 514268K [0x00000000d5580000, 0x00000000fa000000, 0x0000000100000000)
  eden space 444928K, 100% used [0x00000000d5580000,0x00000000f0800000,0x00000000f0800000)
  from space 74752K, 92% used [0x00000000f5700000,0x00000000f9ab7250,0x00000000fa000000)
  to   space 77824K, 0% used [0x00000000f0800000,0x00000000f0800000,0x00000000f5400000)
 ParOldGen       total 427520K, used 84442K [0x0000000080000000, 0x000000009a180000, 0x00000000d5580000)
  object space 427520K, 19% used [0x0000000080000000,0x0000000085276ad8,0x000000009a180000)
 Metaspace       used 190836K, capacity 203210K, committed 205336K, reserved 1228800K
  class space    used 24254K, capacity 26277K, committed 26664K, reserved 1048576K
Event: 28490.855 GC heap after
Heap after GC invocations=110 (full 13):
 PSYoungGen      total 522752K, used 63016K [0x00000000d5580000, 0x00000000fa000000, 0x0000000100000000)
  eden space 444928K, 0% used [0x00000000d5580000,0x00000000d5580000,0x00000000f0800000)
  from space 77824K, 80% used [0x00000000f0800000,0x00000000f458a1e0,0x00000000f5400000)
  to   space 74752K, 0% used [0x00000000f5700000,0x00000000f5700000,0x00000000fa000000)
 ParOldGen       total 427520K, used 84442K [0x0000000080000000, 0x000000009a180000, 0x00000000d5580000)
  object space 427520K, 19% used [0x0000000080000000,0x0000000085276ad8,0x000000009a180000)
 Metaspace       used 190836K, capacity 203210K, committed 205336K, reserved 1228800K
  class space    used 24254K, capacity 26277K, committed 26664K, reserved 1048576K
}
Event: 28492.480 GC heap before
{Heap before GC invocations=111 (full 13):
 PSYoungGen      total 522752K, used 507944K [0x00000000d5580000, 0x00000000fa000000, 0x0000000100000000)
  eden space 444928K, 100% used [0x00000000d5580000,0x00000000f0800000,0x00000000f0800000)
  from space 77824K, 80% used [0x00000000f0800000,0x00000000f458a1e0,0x00000000f5400000)
  to   space 74752K, 0% used [0x00000000f5700000,0x00000000f5700000,0x00000000fa000000)
 ParOldGen       total 427520K, used 84442K [0x0000000080000000, 0x000000009a180000, 0x00000000d5580000)
  object space 427520K, 19% used [0x0000000080000000,0x0000000085276ad8,0x000000009a180000)
 Metaspace       used 190874K, capacity 203218K, committed 205336K, reserved 1228800K
  class space    used 24254K, capacity 26277K, committed 26664K, reserved 1048576K
Event: 28492.536 GC heap after
Heap after GC invocations=111 (full 13):
 PSYoungGen      total 519680K, used 60533K [0x00000000d5580000, 0x00000000fa000000, 0x0000000100000000)
  eden space 444928K, 0% used [0x00000000d5580000,0x00000000d5580000,0x00000000f0800000)
  from space 74752K, 80% used [0x00000000f5700000,0x00000000f921d7b8,0x00000000fa000000)
  to   space 77824K, 0% used [0x00000000f0800000,0x00000000f0800000,0x00000000f5400000)
 ParOldGen       total 427520K, used 84442K [0x0000000080000000, 0x000000009a180000, 0x00000000d5580000)
  object space 427520K, 19% used [0x0000000080000000,0x0000000085276ad8,0x000000009a180000)
 Metaspace       used 190874K, capacity 203218K, committed 205336K, reserved 1228800K
  class space    used 24254K, capacity 26277K, committed 26664K, reserved 1048576K
}
Event: 28494.094 GC heap before
{Heap before GC invocations=112 (full 13):
 PSYoungGen      total 519680K, used 505461K [0x00000000d5580000, 0x00000000fa000000, 0x0000000100000000)
  eden space 444928K, 100% used [0x00000000d5580000,0x00000000f0800000,0x00000000f0800000)
  from space 74752K, 80% used [0x00000000f5700000,0x00000000f921d7b8,0x00000000fa000000)
  to   space 77824K, 0% used [0x00000000f0800000,0x00000000f0800000,0x00000000f5400000)
 ParOldGen       total 427520K, used 84442K [0x0000000080000000, 0x000000009a180000, 0x00000000d5580000)
  object space 427520K, 19% used [0x0000000080000000,0x0000000085276ad8,0x000000009a180000)
 Metaspace       used 190900K, capacity 203262K, committed 205336K, reserved 1228800K
  class space    used 24258K, capacity 26311K, committed 26664K, reserved 1048576K
Event: 28494.203 GC heap after
Heap after GC invocations=112 (full 13):
 PSYoungGen      total 522752K, used 55321K [0x00000000d5580000, 0x0000000100000000, 0x0000000100000000)
  eden space 444928K, 0% used [0x00000000d5580000,0x00000000d5580000,0x00000000f0800000)
  from space 77824K, 71% used [0x00000000f0800000,0x00000000f3e06588,0x00000000f5400000)
  to   space 105472K, 0% used [0x00000000f9900000,0x00000000f9900000,0x0000000100000000)
 ParOldGen       total 427520K, used 84442K [0x0000000080000000, 0x000000009a180000, 0x00000000d5580000)
  object space 427520K, 19% used [0x0000000080000000,0x0000000085276ad8,0x000000009a180000)
 Metaspace       used 190900K, capacity 203262K, committed 205336K, reserved 1228800K
  class space    used 24258K, capacity 26311K, committed 26664K, reserved 1048576K
}

Deoptimization events (10 events):
Event: 28493.365 Thread 0x000000001bbc3800 Uncommon trap: reason=class_check action=maybe_recompile pc=0x00000000080bc870 method=org.gradle.api.internal.artifacts.transform.AbstractCachingTransformationWorkspaceProvider.withWorkspace(Lorg/gradle/api/internal/artifacts/transform/TransformationWorks
Event: 28493.998 Thread 0x000000001fbf6000 Uncommon trap: reason=class_check action=maybe_recompile pc=0x00000000063deb30 method=org.gradle.api.internal.artifacts.transform.DefaultTransformerInvocationFactory$2.lambda$call$2(Ljava/lang/String;Lorg/gradle/api/internal/artifacts/transform/CachingTra
Event: 28493.998 Thread 0x000000001fbf6000 Uncommon trap: reason=class_check action=maybe_recompile pc=0x00000000063cad60 method=org.gradle.api.internal.artifacts.transform.DefaultTransformerInvocationFactory.lambda$doTransform$0(Lorg/gradle/api/internal/artifacts/transform/Transformer;Lorg/gradle
Event: 28493.998 Thread 0x000000001fbf6000 Uncommon trap: reason=class_check action=maybe_recompile pc=0x0000000006437cfc method=org.gradle.api.internal.artifacts.transform.ImmutableTransformationWorkspaceProvider.withWorkspace(Lorg/gradle/api/internal/artifacts/transform/TransformationWorkspaceId
Event: 28493.998 Thread 0x000000001fbf6000 Uncommon trap: reason=class_check action=maybe_recompile pc=0x00000000080bc870 method=org.gradle.api.internal.artifacts.transform.AbstractCachingTransformationWorkspaceProvider.withWorkspace(Lorg/gradle/api/internal/artifacts/transform/TransformationWorks
Event: 28494.844 Thread 0x000000001fbfa000 Uncommon trap: reason=unstable_if action=reinterpret pc=0x000000000b4a2e2c method=com.android.tools.r8.ir.optimize.a0.a(Lcom/android/tools/r8/s/b/X;Lcom/android/tools/r8/ir/regalloc/e;I)V @ 665
Event: 28495.163 Thread 0x000000001fbfa000 Uncommon trap: reason=class_check action=maybe_recompile pc=0x000000000b54a174 method=com.android.tools.r8.s.b.k0.J2()Lcom/android/tools/r8/s/b/s1; @ 4
Event: 28495.194 Thread 0x000000001fbfa000 Uncommon trap: reason=class_check action=maybe_recompile pc=0x000000000b54a174 method=com.android.tools.r8.s.b.k0.J2()Lcom/android/tools/r8/s/b/s1; @ 4
Event: 28495.227 Thread 0x000000001fbfa000 Uncommon trap: reason=class_check action=maybe_recompile pc=0x000000000b54a174 method=com.android.tools.r8.s.b.k0.J2()Lcom/android/tools/r8/s/b/s1; @ 4
Event: 28495.263 Thread 0x000000001fbfa000 Uncommon trap: reason=class_check action=maybe_recompile pc=0x000000000b54a174 method=com.android.tools.r8.s.b.k0.J2()Lcom/android/tools/r8/s/b/s1; @ 4

Classes redefined (0 events):
No events

Internal exceptions (10 events):
Event: 28486.962 Thread 0x000000001fbf3000 Exception <a 'sun/nio/fs/WindowsException'> (0x00000000e6c4e5f8) thrown at [C:\src\AOSP-openjdk-git\hotspot\src\share\vm\prims\jni.cpp, line 710]
Event: 28486.964 Thread 0x000000001fbf6000 Implicit null exception at 0x000000000afaa9aa to 0x000000000afac579
Event: 28487.419 Thread 0x000000001fbfa000 Exception <a 'sun/nio/fs/WindowsException'> (0x00000000ee5dfed8) thrown at [C:\src\AOSP-openjdk-git\hotspot\src\share\vm\prims\jni.cpp, line 710]
Event: 28487.779 Thread 0x000000001fbf9000 Exception <a 'sun/nio/fs/WindowsException'> (0x00000000d7280898) thrown at [C:\src\AOSP-openjdk-git\hotspot\src\share\vm\prims\jni.cpp, line 710]
Event: 28491.536 Thread 0x000000001fbf3000 Exception <a 'sun/nio/fs/WindowsException'> (0x00000000e0f7c850) thrown at [C:\src\AOSP-openjdk-git\hotspot\src\share\vm\prims\jni.cpp, line 710]
Event: 28491.843 Thread 0x000000001fbf3000 Exception <a 'sun/nio/fs/WindowsException'> (0x00000000e10fdef8) thrown at [C:\src\AOSP-openjdk-git\hotspot\src\share\vm\prims\jni.cpp, line 710]
Event: 28492.072 Thread 0x000000001fbf3000 Exception <a 'sun/nio/fs/WindowsException'> (0x00000000e9e247a8) thrown at [C:\src\AOSP-openjdk-git\hotspot\src\share\vm\prims\jni.cpp, line 710]
Event: 28492.582 Thread 0x000000001fbf3000 Exception <a 'sun/nio/fs/WindowsException'> (0x00000000d6612398) thrown at [C:\src\AOSP-openjdk-git\hotspot\src\share\vm\prims\jni.cpp, line 710]
Event: 28492.735 Thread 0x000000001fbf3000 Exception <a 'sun/nio/fs/WindowsException'> (0x00000000d8238730) thrown at [C:\src\AOSP-openjdk-git\hotspot\src\share\vm\prims\jni.cpp, line 710]
Event: 28493.311 Thread 0x000000001bbc3800 Exception <a 'sun/nio/fs/WindowsException'> (0x00000000ddc05bc0) thrown at [C:\src\AOSP-openjdk-git\hotspot\src\share\vm\prims\jni.cpp, line 710]

Events (10 events):
Event: 28495.452 Thread 0x000000001fbfa000 DEOPT PACKING pc=0x0000000009ef2388 sp=0x0000000022adbdb0
Event: 28495.452 Thread 0x000000001fbfa000 DEOPT UNPACKING pc=0x0000000002f775d0 sp=0x0000000022adbc20 mode 0
Event: 28495.454 Thread 0x000000001fbfa000 DEOPT PACKING pc=0x000000000b3f1b4b sp=0x0000000022adb690
Event: 28495.454 Thread 0x000000001fbfa000 DEOPT UNPACKING pc=0x0000000002f775d0 sp=0x0000000022adb6d8 mode 0
Event: 28495.473 Thread 0x000000001fbfa000 DEOPT PACKING pc=0x000000000b3f1b4b sp=0x0000000022adb2c0
Event: 28495.473 Thread 0x000000001fbfa000 DEOPT UNPACKING pc=0x0000000002f775d0 sp=0x0000000022adb308 mode 0
Event: 28495.478 Thread 0x000000001fbfa000 DEOPT PACKING pc=0x000000000b088e95 sp=0x0000000022adb680
Event: 28495.478 Thread 0x000000001fbfa000 DEOPT UNPACKING pc=0x0000000002f775d0 sp=0x0000000022adb6b8 mode 0
Event: 28495.478 Thread 0x000000001fbf9000 DEOPT PACKING pc=0x0000000009c4ee8d sp=0x00000000229dbc90
Event: 28495.478 Thread 0x000000001fbf9000 DEOPT UNPACKING pc=0x0000000002f775d0 sp=0x00000000229dbc90 mode 0


Dynamic libraries:
0x00007ff631e80000 - 0x00007ff631eb1000 	C:\Program Files\Android\Android Studio\jre\bin\java.exe
0x00007ffaaa750000 - 0x00007ffaaa946000 	C:\Windows\SYSTEM32\ntdll.dll
0x00007ffaa94c0000 - 0x00007ffaa957d000 	C:\Windows\System32\KERNEL32.DLL
0x00007ffaa82c0000 - 0x00007ffaa8589000 	C:\Windows\System32\KERNELBASE.dll
0x00007ffaa8f00000 - 0x00007ffaa8fac000 	C:\Windows\System32\ADVAPI32.dll
0x00007ffaa8b00000 - 0x00007ffaa8b9e000 	C:\Windows\System32\msvcrt.dll
0x00007ffaa9580000 - 0x00007ffaa961c000 	C:\Windows\System32\sechost.dll
0x00007ffaa96f0000 - 0x00007ffaa981b000 	C:\Windows\System32\RPCRT4.dll
0x00007ffaa8fb0000 - 0x00007ffaa9150000 	C:\Windows\System32\USER32.dll
0x00007ffaa86f0000 - 0x00007ffaa8712000 	C:\Windows\System32\win32u.dll
0x00007ffaa96c0000 - 0x00007ffaa96ea000 	C:\Windows\System32\GDI32.dll
0x00007ffaa7e90000 - 0x00007ffaa7f9b000 	C:\Windows\System32\gdi32full.dll
0x00007ffaa8220000 - 0x00007ffaa82bd000 	C:\Windows\System32\msvcp_win.dll
0x00007ffaa8120000 - 0x00007ffaa8220000 	C:\Windows\System32\ucrtbase.dll
0x00007ffa93b50000 - 0x00007ffa93deb000 	C:\Windows\WinSxS\amd64_microsoft.windows.common-controls_6595b64144ccf1df_6.0.19041.746_none_ca02b4b61b8320a4\COMCTL32.dll
0x00007ffaa9f70000 - 0x00007ffaa9fa0000 	C:\Windows\System32\IMM32.DLL
0x0000000061700000 - 0x00000000617d2000 	C:\Program Files\Android\Android Studio\jre\jre\bin\msvcr100.dll
0x00000000617e0000 - 0x000000006202b000 	C:\Program Files\Android\Android Studio\jre\jre\bin\server\jvm.dll
0x00007ffaaa150000 - 0x00007ffaaa158000 	C:\Windows\System32\PSAPI.DLL
0x00007ffaa36e0000 - 0x00007ffaa36e9000 	C:\Windows\SYSTEM32\WSOCK32.dll
0x00007ffa96a60000 - 0x00007ffa96a87000 	C:\Windows\SYSTEM32\WINMM.dll
0x00007ffaaa160000 - 0x00007ffaaa1cb000 	C:\Windows\System32\WS2_32.dll
0x00007ffaa1930000 - 0x00007ffaa193a000 	C:\Windows\SYSTEM32\VERSION.dll
0x00007ffaa36d0000 - 0x00007ffaa36df000 	C:\Program Files\Android\Android Studio\jre\jre\bin\verify.dll
0x00007ffaa36a0000 - 0x00007ffaa36c9000 	C:\Program Files\Android\Android Studio\jre\jre\bin\java.dll
0x00007ffaa3680000 - 0x00007ffaa3696000 	C:\Program Files\Android\Android Studio\jre\jre\bin\zip.dll
0x00007ffaa9820000 - 0x00007ffaa9f62000 	C:\Windows\System32\SHELL32.dll
0x00007ffaa5fc0000 - 0x00007ffaa6750000 	C:\Windows\SYSTEM32\windows.storage.dll
0x00007ffaa8ba0000 - 0x00007ffaa8ef6000 	C:\Windows\System32\combase.dll
0x00007ffaa78f0000 - 0x00007ffaa791c000 	C:\Windows\SYSTEM32\Wldp.dll
0x00007ffaa9280000 - 0x00007ffaa932e000 	C:\Windows\System32\SHCORE.dll
0x00007ffaa9220000 - 0x00007ffaa9275000 	C:\Windows\System32\shlwapi.dll
0x00007ffaa7dc0000 - 0x00007ffaa7de6000 	C:\Windows\SYSTEM32\profapi.dll
0x00007ffaa3660000 - 0x00007ffaa367a000 	C:\Program Files\Android\Android Studio\jre\jre\bin\net.dll
0x00007ffaa7670000 - 0x00007ffaa76da000 	C:\Windows\system32\mswsock.dll
0x00007ffaa3640000 - 0x00007ffaa3653000 	C:\Program Files\Android\Android Studio\jre\jre\bin\nio.dll
0x00007ffa90be0000 - 0x00007ffa90c07000 	C:\Users\Akmal\.gradle\native\f6784746aeab05261644944871eae4fe03e0ef1612fff0a4a95f87b438bc6780\windows-amd64\native-platform.dll
0x00007ffaa3630000 - 0x00007ffaa363d000 	C:\Program Files\Android\Android Studio\jre\jre\bin\management.dll
0x00007ffaa7840000 - 0x00007ffaa7858000 	C:\Windows\SYSTEM32\CRYPTSP.dll
0x00007ffaa6fa0000 - 0x00007ffaa6fd4000 	C:\Windows\system32\rsaenh.dll
0x00007ffaa8780000 - 0x00007ffaa87a7000 	C:\Windows\System32\bcrypt.dll
0x00007ffaa7d40000 - 0x00007ffaa7d6e000 	C:\Windows\SYSTEM32\USERENV.dll
0x00007ffaa80a0000 - 0x00007ffaa8120000 	C:\Windows\System32\bcryptprimitives.dll
0x00007ffaa7860000 - 0x00007ffaa786c000 	C:\Windows\SYSTEM32\CRYPTBASE.dll
0x00007ffaa7310000 - 0x00007ffaa734b000 	C:\Windows\SYSTEM32\IPHLPAPI.DLL
0x00007ffaaa700000 - 0x00007ffaaa708000 	C:\Windows\System32\NSI.dll
0x00007ffaa0970000 - 0x00007ffaa0987000 	C:\Windows\SYSTEM32\dhcpcsvc6.DLL
0x00007ffaa07d0000 - 0x00007ffaa07ed000 	C:\Windows\SYSTEM32\dhcpcsvc.DLL
0x00007ffaa7360000 - 0x00007ffaa742b000 	C:\Windows\SYSTEM32\DNSAPI.dll
0x00007ffaa0f90000 - 0x00007ffaa0f9b000 	C:\Windows\SYSTEM32\WINNSI.DLL
0x00007ffa8dcd0000 - 0x00007ffa8dcee000 	C:\Users\Akmal\AppData\Local\Temp\native-platform2370673528453373731dir\native-platform.dll
0x00007ffa8bf10000 - 0x00007ffa8c0ac000 	C:\Program Files\Android\Android Studio\jre\jre\bin\awt.dll
0x00007ffaa9150000 - 0x00007ffaa921d000 	C:\Windows\System32\OLEAUT32.dll
0x00007ffaa5920000 - 0x00007ffaa594f000 	C:\Windows\SYSTEM32\dwmapi.dll
0x00007ffaa40c0000 - 0x00007ffaa4680000 	C:\Windows\SYSTEM32\d2d1.dll
0x00007ffaa5470000 - 0x00007ffaa5500000 	C:\Windows\SYSTEM32\apphelp.dll
0x00007ffaa5570000 - 0x00007ffaa560e000 	C:\Windows\system32\uxtheme.dll
0x00007ffa8b470000 - 0x00007ffa8b48e000 	C:\Users\Akmal\AppData\Local\Temp\native-platform8339377167871102951dir\native-platform.dll

VM Arguments:
jvm_args: -Xmx2048m -Dfile.encoding=UTF-8 -Duser.country=RU -Duser.language=ru -Duser.variant 
java_command: org.gradle.launcher.daemon.bootstrap.GradleDaemon 6.5
java_class_path (initial): C:\Users\Akmal\.gradle\wrapper\dists\gradle-6.5-bin\6nifqtx7604sqp1q6g8wikw7p\gradle-6.5\lib\gradle-launcher-6.5.jar
Launcher Type: SUN_STANDARD

Environment Variables:
PATH=C:\Windows\system32;C:\Windows;C:\Windows\System32\Wbem;C:\Windows\System32\WindowsPowerShell\v1.0\;C:\Windows\System32\OpenSSH\;C:\Program Files\Git\cmd;C:\Users\Akmal\AppData\Local\Microsoft\WindowsApps;;C:\Program Files\JetBrains\PyCharm Community Edition 2020.3.2\bin;
USERNAME=Akmal
OS=Windows_NT
PROCESSOR_IDENTIFIER=Intel64 Family 6 Model 142 Stepping 9, GenuineIntel



---------------  S Y S T E M  ---------------

OS: Windows 10.0 , 64 bit Build 19041 (10.0.19041.804)

CPU:total 4 (initial active 4) (2 cores per cpu, 2 threads per core) family 6 model 142 stepping 9, cmov, cx8, fxsr, mmx, sse, sse2, sse3, ssse3, sse4.1, sse4.2, popcnt, avx, avx2, aes, clmul, erms, 3dnowpref, lzcnt, ht, tsc, tscinvbit, bmi1, bmi2, adx

Memory: 4k page, physical 8303528k(533440k free), swap 10400680k(2904k free)

vm_info: OpenJDK 64-Bit Server VM (25.242-b01) for windows-amd64 JRE (1.8.0_242-release-1644-b01), built by "builder" with MS VC++ 10.0 (VS2010)

time: Wed Feb 24 19:24:13 2021
timezone: Западная Азия (зима)
elapsed time: 28495 seconds (0d 7h 54m 55s)

