#
# There is insufficient memory for the Java Runtime Environment to continue.
# Native memory allocation (malloc) failed to allocate 1066816 bytes for Chunk::new
# Possible reasons:
#   The system is out of physical RAM or swap space
#   The process is running with CompressedOops enabled, and the Java Heap may be blocking the growth of the native heap
# Possible solutions:
#   Reduce memory load on the system
#   Increase physical memory or swap space
#   Check if swap backing store is full
#   Decrease Java heap size (-Xmx/-Xms)
#   Decrease number of Java threads
#   Decrease Java thread stack sizes (-Xss)
#   Set larger code cache with -XX:ReservedCodeCacheSize=
#   JVM is running with Unscaled Compressed Oops mode in which the Java heap is
#     placed in the first 4GB address space. The Java Heap base address is the
#     maximum limit for the native heap growth. Please use -XX:HeapBaseMinAddress
#     to set the Java Heap base and to place the Java Heap above 4GB virtual address.
# This output file may be truncated or incomplete.
#
#  Out of Memory Error (allocation.cpp:389), pid=1220, tid=0x00000000000026e0
#
# JRE version: OpenJDK Runtime Environment (8.0_242-b01) (build 1.8.0_242-release-1644-b01)
# Java VM: OpenJDK 64-Bit Server VM (25.242-b01 mixed mode windows-amd64 compressed oops)
# Failed to write core dump. Minidumps are not enabled by default on client versions of Windows
#

---------------  T H R E A D  ---------------

Current thread (0x0000000017503000):  JavaThread "C2 CompilerThread0" daemon [_thread_in_native, id=9952, stack(0x0000000018b80000,0x0000000018c80000)]

Stack: [0x0000000018b80000,0x0000000018c80000]
[error occurred during error reporting (printing stack bounds), id 0xc0000005]

Native frames: (J=compiled Java code, j=interpreted, Vv=VM code, C=native code)


Current CompileTask:
C2:  85713 18772       4       com.android.tools.build.apkzlib.zip.StoredEntry::<init> (364 bytes)


---------------  P R O C E S S  ---------------

Java Threads: ( => current thread )
  0x000000001b565800 JavaThread "WorkerExecutor Queue Thread 6" [_thread_blocked, id=7960, stack(0x00000000224e0000,0x00000000225e0000)]
  0x000000001b567000 JavaThread "Cache worker for Java compile cache (C:\Users\Akmal\AndroidStudioProjects\RentCar\.gradle\6.5\javaCompile)" [_thread_blocked, id=12616, stack(0x000000001ff70000,0x0000000020070000)]
  0x000000001b568000 JavaThread "Cache worker for Java compile cache (C:\Users\Akmal\.gradle\caches\6.5\javaCompile)" [_thread_blocked, id=1040, stack(0x000000001ced0000,0x000000001cfd0000)]
  0x000000001b55b000 JavaThread "RMI TCP Connection(2)-127.0.0.1" daemon [_thread_in_native, id=12052, stack(0x0000000000d00000,0x0000000000e00000)]
  0x000000001b562000 JavaThread "RMI RenewClean-[127.0.0.1:17001,org.jetbrains.kotlin.daemon.common.LoopbackNetworkInterface$ClientLoopbackSocketFactory@49bfca90]" daemon [_thread_blocked, id=7088, stack(0x0000000000ae0000,0x0000000000be0000)]
  0x000000001d9e7000 JavaThread "RMI TCP Connection(idle)" daemon [_thread_blocked, id=6820, stack(0x00000000310f0000,0x00000000311f0000)]
  0x000000001d9e6800 JavaThread "RMI Reaper" [_thread_blocked, id=4056, stack(0x0000000030d00000,0x0000000030e00000)]
  0x000000001d9e9800 JavaThread "RMI TCP Accept-0" daemon [_thread_in_native, id=11428, stack(0x000000002f620000,0x000000002f720000)]
  0x000000001d9de800 JavaThread "GC Daemon" daemon [_thread_blocked, id=9900, stack(0x000000002f520000,0x000000002f620000)]
  0x000000001d9e5800 JavaThread "RMI Scheduler(0)" daemon [_thread_blocked, id=4620, stack(0x000000002f320000,0x000000002f420000)]
  0x000000001d9e0000 JavaThread "stdout" [_thread_in_native, id=1204, stack(0x000000002e370000,0x000000002e470000)]
  0x000000001d9db000 JavaThread "stderr" [_thread_in_native, id=10448, stack(0x000000002e270000,0x000000002e370000)]
  0x000000001d9e1800 JavaThread "stdout" [_thread_in_native, id=10692, stack(0x000000002e170000,0x000000002e270000)]
  0x000000001d9de000 JavaThread "stderr" [_thread_in_native, id=12572, stack(0x000000002e070000,0x000000002e170000)]
  0x000000001d9dc800 JavaThread "WorkerExecutor Queue Thread 4" [_thread_blocked, id=4692, stack(0x000000002df70000,0x000000002e070000)]
  0x000000001d9da000 JavaThread "stdout" [_thread_in_native, id=376, stack(0x000000002db40000,0x000000002dc40000)]
  0x000000001d9dd000 JavaThread "stderr" [_thread_in_native, id=3752, stack(0x000000002da40000,0x000000002db40000)]
  0x000000001d9e1000 JavaThread "stdout" [_thread_in_native, id=12656, stack(0x000000002d940000,0x000000002da40000)]
  0x000000001a568800 JavaThread "stderr" [_thread_in_native, id=7488, stack(0x000000002de70000,0x000000002df70000)]
  0x000000001a56b000 JavaThread "pool-2-thread-1" [_thread_blocked, id=3728, stack(0x000000002dd70000,0x000000002de70000)]
  0x000000001a568000 JavaThread "WorkerExecutor Queue Thread 3" [_thread_in_vm, id=12556, stack(0x000000002dc70000,0x000000002dd70000)]
  0x000000001a567000 JavaThread "WorkerExecutor Queue Thread 2" [_thread_blocked, id=11040, stack(0x000000002d640000,0x000000002d740000)]
  0x000000001a566800 JavaThread "WorkerExecutor Queue" [_thread_in_native, id=12888, stack(0x000000002d0d0000,0x000000002d1d0000)]
  0x000000001a55d800 JavaThread "Cache worker for execution history cache (C:\Users\Akmal\AndroidStudioProjects\RentCar\.gradle\6.5\executionHistory)" [_thread_blocked, id=12840, stack(0x000000002cfd0000,0x000000002d0d0000)]
  0x000000001a563800 JavaThread "Execution worker for ':' Thread 3" [_thread_blocked, id=2892, stack(0x000000002ced0000,0x000000002cfd0000)]
  0x000000001a55f800 JavaThread "Execution worker for ':' Thread 2" [_thread_blocked, id=7764, stack(0x000000002cdd0000,0x000000002ced0000)]
  0x000000001a55c000 JavaThread "Execution worker for ':'" [_thread_blocked, id=12684, stack(0x000000002c830000,0x000000002c930000)]
  0x000000001a561000 JavaThread "Cache worker for file content cache (C:\Users\Akmal\AndroidStudioProjects\RentCar\.gradle\6.5\fileContent)" [_thread_blocked, id=9284, stack(0x000000002c530000,0x000000002c630000)]
  0x000000001a560800 JavaThread "Memory manager" [_thread_blocked, id=3296, stack(0x000000002a5e0000,0x000000002a6e0000)]
  0x000000001a562800 JavaThread "pool-1-thread-1" [_thread_blocked, id=12848, stack(0x000000002a0e0000,0x000000002a1e0000)]
  0x000000001a562000 JavaThread "Cache worker for Build Output Cleanup Cache (C:\Users\Akmal\AndroidStudioProjects\RentCar\.gradle\buildOutputCleanup)" [_thread_blocked, id=1768, stack(0x0000000029de0000,0x0000000029ee0000)]
  0x000000001b560000 JavaThread "Build operations Thread 4" [_thread_blocked, id=508, stack(0x00000000221e0000,0x00000000222e0000)]
  0x000000001b55d000 JavaThread "Build operations Thread 3" [_thread_blocked, id=3512, stack(0x00000000220e0000,0x00000000221e0000)]
  0x000000001b55c800 JavaThread "Build operations Thread 2" [_thread_blocked, id=1824, stack(0x0000000021fe0000,0x00000000220e0000)]
  0x000000001b55e000 JavaThread "Build operations" [_thread_blocked, id=6280, stack(0x0000000021ca0000,0x0000000021da0000)]
  0x000000001afd7800 JavaThread "Cache worker for file content cache (C:\Users\Akmal\.gradle\caches\6.5\fileContent)" [_thread_blocked, id=13232, stack(0x00000000217a0000,0x00000000218a0000)]
  0x000000001afdd800 JavaThread "Cache worker for execution history cache (C:\Users\Akmal\.gradle\caches\6.5\executionHistory)" [_thread_blocked, id=12972, stack(0x000000001fe70000,0x000000001ff70000)]
  0x000000001afda800 JavaThread "Cache worker for cache directory md-rule (C:\Users\Akmal\.gradle\caches\6.5\md-rule)" [_thread_blocked, id=2824, stack(0x000000001fd70000,0x000000001fe70000)]
  0x000000001afd9800 JavaThread "Cache worker for cache directory md-supplier (C:\Users\Akmal\.gradle\caches\6.5\md-supplier)" [_thread_blocked, id=12660, stack(0x000000001fc70000,0x000000001fd70000)]
  0x000000001afdc800 JavaThread "Cache worker for checksums cache (C:\Users\Akmal\AndroidStudioProjects\RentCar\.gradle\checksums)" [_thread_blocked, id=5328, stack(0x000000001fb70000,0x000000001fc70000)]
  0x000000001afdb000 JavaThread "Cache worker for file hash cache (C:\Users\Akmal\AndroidStudioProjects\RentCar\.gradle\6.5\fileHashes)" [_thread_blocked, id=10788, stack(0x00000000210a0000,0x00000000211a0000)]
  0x000000001afd9000 JavaThread "Cache worker for file hash cache (C:\Users\Akmal\.gradle\caches\6.5\fileHashes)" [_thread_blocked, id=10948, stack(0x000000001d4d0000,0x000000001d5d0000)]
  0x000000001afd8000 JavaThread "File lock request listener" [_thread_in_native, id=10252, stack(0x000000001d3d0000,0x000000001d4d0000)]
  0x0000000019e13000 JavaThread "Cache worker for journal cache (C:\Users\Akmal\.gradle\caches\journal-1)" [_thread_blocked, id=8776, stack(0x000000001d2d0000,0x000000001d3d0000)]
  0x000000001af24800 JavaThread "Thread-9" [_thread_blocked, id=3540, stack(0x000000001cfd0000,0x000000001d0d0000)]
  0x000000001af0a800 JavaThread "Asynchronous log dispatcher for DefaultDaemonConnection: socket connection from /127.0.0.1:50780 to /127.0.0.1:50781" [_thread_blocked, id=12252, stack(0x000000001cdd0000,0x000000001ced0000)]
  0x000000001aef0800 JavaThread "Daemon worker" [_thread_blocked, id=9016, stack(0x000000001ccd0000,0x000000001cdd0000)]
  0x000000001aeeb000 JavaThread "Cancel handler" [_thread_blocked, id=4556, stack(0x000000001cbd0000,0x000000001ccd0000)]
  0x000000001a0b1000 JavaThread "Handler for socket connection from /127.0.0.1:50780 to /127.0.0.1:50781" [_thread_in_native, id=4728, stack(0x000000001cad0000,0x000000001cbd0000)]
  0x000000001aed7800 JavaThread "Daemon" [_thread_blocked, id=1620, stack(0x000000001c7d0000,0x000000001c8d0000)]
  0x000000001aed1000 JavaThread "Daemon periodic checks" [_thread_blocked, id=6288, stack(0x000000001c6d0000,0x000000001c7d0000)]
  0x000000001ae6c800 JavaThread "Incoming local TCP Connector on port 50780" [_thread_in_native, id=11324, stack(0x000000001c480000,0x000000001c580000)]
  0x000000001a9a2800 JavaThread "Daemon health stats" [_thread_blocked, id=10676, stack(0x000000001be20000,0x000000001bf20000)]
  0x0000000018ea8800 JavaThread "Service Thread" daemon [_thread_blocked, id=8392, stack(0x0000000019280000,0x0000000019380000)]
  0x0000000017513800 JavaThread "C1 CompilerThread2" daemon [_thread_blocked, id=10724, stack(0x0000000018d80000,0x0000000018e80000)]
  0x000000001750c800 JavaThread "C2 CompilerThread1" daemon [_thread_in_native, id=13304, stack(0x0000000018c80000,0x0000000018d80000)]
=>0x0000000017503000 JavaThread "C2 CompilerThread0" daemon [_thread_in_native, id=9952, stack(0x0000000018b80000,0x0000000018c80000)]
  0x0000000017500800 JavaThread "Attach Listener" daemon [_thread_blocked, id=12676, stack(0x0000000018a80000,0x0000000018b80000)]
  0x0000000017506800 JavaThread "Signal Dispatcher" daemon [_thread_blocked, id=4992, stack(0x0000000018980000,0x0000000018a80000)]
  0x000000000289b000 JavaThread "Finalizer" daemon [_thread_blocked, id=2940, stack(0x0000000018760000,0x0000000018860000)]
  0x00000000174e9000 JavaThread "Reference Handler" daemon [_thread_blocked, id=12312, stack(0x0000000018660000,0x0000000018760000)]
  0x000000000269d800 JavaThread "main" [_thread_blocked, id=4748, stack(0x00000000026a0000,0x00000000027a0000)]

Other Threads:
  0x00000000174c6000 VMThread [stack: 0x0000000018560000,0x0000000018660000] [id=12920]
  0x0000000018ea9000 WatcherThread [stack: 0x0000000019380000,0x0000000019480000] [id=4808]

VM state:not at safepoint (normal execution)

VM Mutex/Monitor currently owned by a thread: None

heap address: 0x0000000080000000, size: 2048 MB, Compressed Oops mode: 32-bit
Narrow klass base: 0x0000000000000000, Narrow klass shift: 3
Compressed class space size: 1073741824 Address: 0x0000000100000000

Heap:
 PSYoungGen      total 584704K, used 399510K [0x00000000d5580000, 0x0000000100000000, 0x0000000100000000)
  eden space 531968K, 65% used [0x00000000d5580000,0x00000000ea882e00,0x00000000f5d00000)
  from space 52736K, 99% used [0x00000000f5d00000,0x00000000f9022d28,0x00000000f9080000)
  to   space 87040K, 0% used [0x00000000fab00000,0x00000000fab00000,0x0000000100000000)
 ParOldGen       total 305664K, used 185297K [0x0000000080000000, 0x0000000092a80000, 0x00000000d5580000)
  object space 305664K, 60% used [0x0000000080000000,0x000000008b4f4458,0x0000000092a80000)
 Metaspace       used 110410K, capacity 115188K, committed 115352K, reserved 1148928K
  class space    used 14301K, capacity 15250K, committed 15280K, reserved 1048576K

Card table byte_map: [0x0000000011c70000,0x0000000012080000] byte_map_base: 0x0000000011870000

Marking Bits: (ParMarkBitMap*) 0x000000005553f030
 Begin Bits: [0x0000000012730000, 0x0000000014730000)
 End Bits:   [0x0000000014730000, 0x0000000016730000)

Polling page: 0x0000000002670000

CodeCache: size=245760Kb used=49418Kb max_used=49428Kb free=196341Kb
 bounds [0x00000000028b0000, 0x0000000005930000, 0x00000000118b0000]
 total_blobs=16437 nmethods=15517 adapters=831
 compilation: enabled

Compilation events (10 events):
Event: 85.650 Thread 0x000000001750c800 nmethod 19177 0x0000000005273050 code [0x0000000005273180, 0x00000000052731d8]
Event: 85.650 Thread 0x000000001750c800 19148       4       com.android.tools.r8.graph.g0::computeEquals (62 bytes)
Event: 85.666 Thread 0x000000001750c800 nmethod 19148 0x00000000059298d0 code [0x0000000005929a40, 0x000000000592a118]
Event: 85.666 Thread 0x000000001750c800 19167       4       com.android.tools.r8.graph.k0::<init> (36 bytes)
Event: 85.666 Thread 0x000000001750c800 nmethod 19167 0x00000000052dcad0 code [0x00000000052dcc00, 0x00000000052dcc78]
Event: 85.666 Thread 0x000000001750c800 18923       4       com.android.tools.r8.graph.Z::b (23 bytes)
Event: 85.670 Thread 0x000000001750c800 nmethod 18923 0x000000000591dcd0 code [0x000000000591de40, 0x000000000591e038]
Event: 85.670 Thread 0x000000001750c800 18916       4       com.android.tools.r8.graph.Z::a (35 bytes)
Event: 85.674 Thread 0x000000001750c800 nmethod 18916 0x0000000005929210 code [0x0000000005929380, 0x00000000059295d8]
Event: 85.683 Thread 0x000000001750c800 19182       4       com.android.tools.build.apkzlib.zip.FileUseMap::add (131 bytes)

GC Heap History (10 events):
Event: 24.185 GC heap before
{Heap before GC invocations=15 (full 3):
 PSYoungGen      total 376320K, used 376307K [0x00000000d5580000, 0x00000000f5d80000, 0x0000000100000000)
  eden space 352768K, 100% used [0x00000000d5580000,0x00000000eae00000,0x00000000eae00000)
  from space 23552K, 99% used [0x00000000eae00000,0x00000000ec4fcc10,0x00000000ec500000)
  to   space 30208K, 0% used [0x00000000f4000000,0x00000000f4000000,0x00000000f5d80000)
 ParOldGen       total 104960K, used 48964K [0x0000000080000000, 0x0000000086680000, 0x00000000d5580000)
  object space 104960K, 46% used [0x0000000080000000,0x0000000082fd1160,0x0000000086680000)
 Metaspace       used 73661K, capacity 76920K, committed 77080K, reserved 1116160K
  class space    used 9864K, capacity 10511K, committed 10544K, reserved 1048576K
Event: 24.212 GC heap after
Heap after GC invocations=15 (full 3):
 PSYoungGen      total 475648K, used 5711K [0x00000000d5580000, 0x00000000f5000000, 0x0000000100000000)
  eden space 459264K, 0% used [0x00000000d5580000,0x00000000d5580000,0x00000000f1600000)
  from space 16384K, 34% used [0x00000000f4000000,0x00000000f4593e78,0x00000000f5000000)
  to   space 29696K, 0% used [0x00000000f1600000,0x00000000f1600000,0x00000000f3300000)
 ParOldGen       total 104960K, used 66547K [0x0000000080000000, 0x0000000086680000, 0x00000000d5580000)
  object space 104960K, 63% used [0x0000000080000000,0x00000000840fcc70,0x0000000086680000)
 Metaspace       used 73661K, capacity 76920K, committed 77080K, reserved 1116160K
  class space    used 9864K, capacity 10511K, committed 10544K, reserved 1048576K
}
Event: 28.166 GC heap before
{Heap before GC invocations=16 (full 3):
 PSYoungGen      total 475648K, used 464975K [0x00000000d5580000, 0x00000000f5000000, 0x0000000100000000)
  eden space 459264K, 100% used [0x00000000d5580000,0x00000000f1600000,0x00000000f1600000)
  from space 16384K, 34% used [0x00000000f4000000,0x00000000f4593e78,0x00000000f5000000)
  to   space 29696K, 0% used [0x00000000f1600000,0x00000000f1600000,0x00000000f3300000)
 ParOldGen       total 104960K, used 66547K [0x0000000080000000, 0x0000000086680000, 0x00000000d5580000)
  object space 104960K, 63% used [0x0000000080000000,0x00000000840fcc70,0x0000000086680000)
 Metaspace       used 81287K, capacity 84820K, committed 85016K, reserved 1122304K
  class space    used 10835K, capacity 11533K, committed 11568K, reserved 1048576K
Event: 28.224 GC heap after
Heap after GC invocations=16 (full 3):
 PSYoungGen      total 488960K, used 29677K [0x00000000d5580000, 0x00000000fe200000, 0x0000000100000000)
  eden space 459264K, 0% used [0x00000000d5580000,0x00000000d5580000,0x00000000f1600000)
  from space 29696K, 99% used [0x00000000f1600000,0x00000000f32fb6d0,0x00000000f3300000)
  to   space 40960K, 0% used [0x00000000fba00000,0x00000000fba00000,0x00000000fe200000)
 ParOldGen       total 104960K, used 84626K [0x0000000080000000, 0x0000000086680000, 0x00000000d5580000)
  object space 104960K, 80% used [0x0000000080000000,0x00000000852a4ab0,0x0000000086680000)
 Metaspace       used 81287K, capacity 84820K, committed 85016K, reserved 1122304K
  class space    used 10835K, capacity 11533K, committed 11568K, reserved 1048576K
}
Event: 32.924 GC heap before
{Heap before GC invocations=17 (full 3):
 PSYoungGen      total 488960K, used 488941K [0x00000000d5580000, 0x00000000fe200000, 0x0000000100000000)
  eden space 459264K, 100% used [0x00000000d5580000,0x00000000f1600000,0x00000000f1600000)
  from space 29696K, 99% used [0x00000000f1600000,0x00000000f32fb6d0,0x00000000f3300000)
  to   space 40960K, 0% used [0x00000000fba00000,0x00000000fba00000,0x00000000fe200000)
 ParOldGen       total 104960K, used 84626K [0x0000000080000000, 0x0000000086680000, 0x00000000d5580000)
  object space 104960K, 80% used [0x0000000080000000,0x00000000852a4ab0,0x0000000086680000)
 Metaspace       used 86855K, capacity 91076K, committed 91416K, reserved 1128448K
  class space    used 11660K, capacity 12467K, committed 12592K, reserved 1048576K
Event: 33.092 GC heap after
Heap after GC invocations=17 (full 3):
 PSYoungGen      total 572928K, used 40932K [0x00000000d5580000, 0x0000000100000000, 0x0000000100000000)
  eden space 531968K, 0% used [0x00000000d5580000,0x00000000d5580000,0x00000000f5d00000)
  from space 40960K, 99% used [0x00000000fba00000,0x00000000fe1f9170,0x00000000fe200000)
  to   space 83456K, 0% used [0x00000000f5d00000,0x00000000f5d00000,0x00000000fae80000)
 ParOldGen       total 181248K, used 180905K [0x0000000080000000, 0x000000008b100000, 0x00000000d5580000)
  object space 181248K, 99% used [0x0000000080000000,0x000000008b0aa500,0x000000008b100000)
 Metaspace       used 86855K, capacity 91076K, committed 91416K, reserved 1128448K
  class space    used 11660K, capacity 12467K, committed 12592K, reserved 1048576K
}
Event: 33.092 GC heap before
{Heap before GC invocations=18 (full 4):
 PSYoungGen      total 572928K, used 40932K [0x00000000d5580000, 0x0000000100000000, 0x0000000100000000)
  eden space 531968K, 0% used [0x00000000d5580000,0x00000000d5580000,0x00000000f5d00000)
  from space 40960K, 99% used [0x00000000fba00000,0x00000000fe1f9170,0x00000000fe200000)
  to   space 83456K, 0% used [0x00000000f5d00000,0x00000000f5d00000,0x00000000fae80000)
 ParOldGen       total 181248K, used 180905K [0x0000000080000000, 0x000000008b100000, 0x00000000d5580000)
  object space 181248K, 99% used [0x0000000080000000,0x000000008b0aa500,0x000000008b100000)
 Metaspace       used 86855K, capacity 91076K, committed 91416K, reserved 1128448K
  class space    used 11660K, capacity 12467K, committed 12592K, reserved 1048576K
Event: 34.183 GC heap after
Heap after GC invocations=18 (full 4):
 PSYoungGen      total 572928K, used 4059K [0x00000000d5580000, 0x0000000100000000, 0x0000000100000000)
  eden space 531968K, 0% used [0x00000000d5580000,0x00000000d5580000,0x00000000f5d00000)
  from space 40960K, 9% used [0x00000000fba00000,0x00000000fbdf6c88,0x00000000fe200000)
  to   space 83456K, 0% used [0x00000000f5d00000,0x00000000f5d00000,0x00000000fae80000)
 ParOldGen       total 305664K, used 181196K [0x0000000080000000, 0x0000000092a80000, 0x00000000d5580000)
  object space 305664K, 59% used [0x0000000080000000,0x000000008b0f3250,0x0000000092a80000)
 Metaspace       used 86759K, capacity 90788K, committed 91416K, reserved 1128448K
  class space    used 11629K, capacity 12413K, committed 12592K, reserved 1048576K
}
Event: 64.678 GC heap before
{Heap before GC invocations=19 (full 4):
 PSYoungGen      total 572928K, used 536027K [0x00000000d5580000, 0x0000000100000000, 0x0000000100000000)
  eden space 531968K, 100% used [0x00000000d5580000,0x00000000f5d00000,0x00000000f5d00000)
  from space 40960K, 9% used [0x00000000fba00000,0x00000000fbdf6c88,0x00000000fe200000)
  to   space 83456K, 0% used [0x00000000f5d00000,0x00000000f5d00000,0x00000000fae80000)
 ParOldGen       total 305664K, used 181196K [0x0000000080000000, 0x0000000092a80000, 0x00000000d5580000)
  object space 305664K, 59% used [0x0000000080000000,0x000000008b0f3250,0x0000000092a80000)
 Metaspace       used 105985K, capacity 110328K, committed 110616K, reserved 1144832K
  class space    used 13731K, capacity 14607K, committed 14640K, reserved 1048576K
Event: 64.814 GC heap after
Heap after GC invocations=19 (full 4):
 PSYoungGen      total 584704K, used 52363K [0x00000000d5580000, 0x0000000100000000, 0x0000000100000000)
  eden space 531968K, 0% used [0x00000000d5580000,0x00000000d5580000,0x00000000f5d00000)
  from space 52736K, 99% used [0x00000000f5d00000,0x00000000f9022d28,0x00000000f9080000)
  to   space 87040K, 0% used [0x00000000fab00000,0x00000000fab00000,0x0000000100000000)
 ParOldGen       total 305664K, used 185297K [0x0000000080000000, 0x0000000092a80000, 0x00000000d5580000)
  object space 305664K, 60% used [0x0000000080000000,0x000000008b4f4458,0x0000000092a80000)
 Metaspace       used 105985K, capacity 110328K, committed 110616K, reserved 1144832K
  class space    used 13731K, capacity 14607K, committed 14640K, reserved 1048576K
}

Deoptimization events (10 events):
Event: 85.397 Thread 0x000000001a567000 Uncommon trap: reason=unstable_if action=reinterpret pc=0x0000000005820024 method=com.android.tools.r8.z.a.a.f.a(II[C)Ljava/lang/String; @ 59
Event: 85.397 Thread 0x000000001a567000 Uncommon trap: reason=unstable_if action=reinterpret pc=0x00000000058196d4 method=com.android.tools.r8.graph.i0.a(C)I @ 16
Event: 85.397 Thread 0x000000001a567000 Uncommon trap: reason=unstable_if action=reinterpret pc=0x0000000005256594 method=com.android.tools.r8.graph.i0.a(C[BI)I @ 27
Event: 85.403 Thread 0x000000001a568000 Uncommon trap: reason=unstable_if action=reinterpret pc=0x00000000057fd08c method=com.android.tools.r8.z.a.a.f.a(II[C)Ljava/lang/String; @ 59
Event: 85.497 Thread 0x000000001a568000 Uncommon trap: reason=unstable_if action=reinterpret pc=0x00000000057ebbe8 method=java.util.concurrent.ConcurrentHashMap.computeIfAbsent(Ljava/lang/Object;Ljava/util/function/Function;)Ljava/lang/Object; @ 234
Event: 85.574 Thread 0x000000001a568000 Uncommon trap: reason=class_check action=maybe_recompile pc=0x0000000002ba8c1c method=com.android.tools.r8.ir.conversion.O.a(Lcom/android/tools/r8/graph/n1;)V @ 332
Event: 85.574 Thread 0x000000001d9dc800 Uncommon trap: reason=class_check action=maybe_recompile pc=0x0000000002ba8c1c method=com.android.tools.r8.ir.conversion.O.a(Lcom/android/tools/r8/graph/n1;)V @ 332
Event: 85.598 Thread 0x000000001a567000 Uncommon trap: reason=class_check action=maybe_recompile pc=0x0000000002ba8c1c method=com.android.tools.r8.ir.conversion.O.a(Lcom/android/tools/r8/graph/n1;)V @ 332
Event: 85.696 Thread 0x000000001a568000 Uncommon trap: reason=class_check action=maybe_recompile pc=0x00000000034e0ab4 method=com.android.tools.r8.t.a.a.a.f.c.get(Ljava/lang/Object;)Ljava/lang/Object; @ 16
Event: 85.696 Thread 0x000000001a567000 Uncommon trap: reason=class_check action=maybe_recompile pc=0x00000000034e0ab4 method=com.android.tools.r8.t.a.a.a.f.c.get(Ljava/lang/Object;)Ljava/lang/Object; @ 16

Classes redefined (0 events):
No events

Internal exceptions (10 events):
Event: 84.635 Thread 0x000000001a566800 Exception <a 'sun/nio/fs/WindowsException'> (0x00000000e21d5780) thrown at [C:\src\AOSP-openjdk-git\hotspot\src\share\vm\prims\jni.cpp, line 710]
Event: 84.803 Thread 0x000000001aef0800 Exception <a 'sun/nio/fs/WindowsException'> (0x00000000e2a6c7f0) thrown at [C:\src\AOSP-openjdk-git\hotspot\src\share\vm\prims\jni.cpp, line 710]
Event: 85.113 Thread 0x000000001aef0800 Exception <a 'java/lang/NoSuchMethodError': <clinit>> (0x00000000e646d3e0) thrown at [C:\src\AOSP-openjdk-git\hotspot\src\share\vm\prims\jni.cpp, line 1615]
Event: 85.137 Thread 0x000000001d9dc800 Exception <a 'java/lang/NoSuchMethodError': java.lang.Object.lambda$static$0(Ljava/lang/String;)Z> (0x00000000e6915c80) thrown at [C:\src\AOSP-openjdk-git\hotspot\src\share\vm\interpreter\linkResolver.cpp, line 620]
Event: 85.206 Thread 0x000000001a567000 Exception <a 'sun/nio/fs/WindowsException'> (0x00000000e7434308) thrown at [C:\src\AOSP-openjdk-git\hotspot\src\share\vm\prims\jni.cpp, line 710]
Event: 85.220 Thread 0x000000001a568000 Exception <a 'sun/nio/fs/WindowsException'> (0x00000000e6b48048) thrown at [C:\src\AOSP-openjdk-git\hotspot\src\share\vm\prims\jni.cpp, line 710]
Event: 85.249 Thread 0x000000001a567000 Implicit null exception at 0x00000000057f4473 to 0x00000000057f46bd
Event: 85.250 Thread 0x000000001a568000 Implicit null exception at 0x00000000057f4473 to 0x00000000057f46bd
Event: 85.250 Thread 0x000000001d9dc800 Implicit null exception at 0x00000000057f4473 to 0x00000000057f46bd
Event: 85.695 Thread 0x000000001a568000 Exception <a 'java/lang/NoSuchMethodError': java.lang.Object.b(Lcom/android/tools/r8/graph/p1$b;)Lcom/android/tools/r8/graph/p1$b;> (0x00000000ea468ca0) thrown at [C:\src\AOSP-openjdk-git\hotspot\src\share\vm\interpreter\linkResolver.cpp, line 620]

Events (10 events):
Event: 85.710 loading class com/android/tools/r8/t/a/a/a/h/C0
Event: 85.710 loading class com/android/tools/r8/t/a/a/a/h/C0 done
Event: 85.711 loading class com/android/tools/r8/t/a/a/a/h/A0
Event: 85.711 loading class com/android/tools/r8/t/a/a/a/h/A0 done
Event: 85.711 loading class com/android/tools/r8/t/a/a/a/h/q
Event: 85.711 loading class com/android/tools/r8/t/a/a/a/h/q done
Event: 85.712 loading class com/android/tools/r8/t/a/a/a/h/m
Event: 85.712 loading class com/android/tools/r8/t/a/a/a/h/m done
Event: 85.712 loading class com/android/tools/r8/s/b/X
Event: 85.712 loading class com/android/tools/r8/s/b/X done


Dynamic libraries:
0x00007ff729b20000 - 0x00007ff729b51000 	C:\Program Files\Android\Android Studio\jre\bin\java.exe
0x00007ffdeb050000 - 0x00007ffdeb245000 	C:\Windows\SYSTEM32\ntdll.dll
0x00007ffdea260000 - 0x00007ffdea31d000 	C:\Windows\System32\KERNEL32.DLL
0x00007ffde8c50000 - 0x00007ffde8f19000 	C:\Windows\System32\KERNELBASE.dll
0x00007ffdea1b0000 - 0x00007ffdea25c000 	C:\Windows\System32\ADVAPI32.dll
0x00007ffde9700000 - 0x00007ffde979e000 	C:\Windows\System32\msvcrt.dll
0x00007ffdead30000 - 0x00007ffdeadcc000 	C:\Windows\System32\sechost.dll
0x00007ffde94c0000 - 0x00007ffde95eb000 	C:\Windows\System32\RPCRT4.dll
0x00007ffde97a0000 - 0x00007ffde9940000 	C:\Windows\System32\USER32.dll
0x00007ffde8c20000 - 0x00007ffde8c42000 	C:\Windows\System32\win32u.dll
0x00007ffdea380000 - 0x00007ffdea3aa000 	C:\Windows\System32\GDI32.dll
0x00007ffde8a70000 - 0x00007ffde8b7b000 	C:\Windows\System32\gdi32full.dll
0x00007ffde8b80000 - 0x00007ffde8c1d000 	C:\Windows\System32\msvcp_win.dll
0x00007ffde88f0000 - 0x00007ffde89f0000 	C:\Windows\System32\ucrtbase.dll
0x00007ffdd46f0000 - 0x00007ffdd498a000 	C:\Windows\WinSxS\amd64_microsoft.windows.common-controls_6595b64144ccf1df_6.0.19041.844_none_ca00b6081b84eb1d\COMCTL32.dll
0x00007ffde9210000 - 0x00007ffde9240000 	C:\Windows\System32\IMM32.DLL
0x0000000054c90000 - 0x0000000054d62000 	C:\Program Files\Android\Android Studio\jre\jre\bin\msvcr100.dll
0x0000000054d70000 - 0x00000000555bb000 	C:\Program Files\Android\Android Studio\jre\jre\bin\server\jvm.dll
0x00007ffde91f0000 - 0x00007ffde91f8000 	C:\Windows\System32\PSAPI.DLL
0x00007ffdd24a0000 - 0x00007ffdd24a9000 	C:\Windows\SYSTEM32\WSOCK32.dll
0x00007ffdeafa0000 - 0x00007ffdeb00b000 	C:\Windows\System32\WS2_32.dll
0x00007ffdd6d00000 - 0x00007ffdd6d27000 	C:\Windows\SYSTEM32\WINMM.dll
0x00007ffde2400000 - 0x00007ffde240a000 	C:\Windows\SYSTEM32\VERSION.dll
0x00007ffde3470000 - 0x00007ffde347f000 	C:\Program Files\Android\Android Studio\jre\jre\bin\verify.dll
0x00007ffde3440000 - 0x00007ffde3469000 	C:\Program Files\Android\Android Studio\jre\jre\bin\java.dll
0x00007ffde3420000 - 0x00007ffde3436000 	C:\Program Files\Android\Android Studio\jre\jre\bin\zip.dll
0x00007ffde9940000 - 0x00007ffdea082000 	C:\Windows\System32\SHELL32.dll
0x00007ffde68d0000 - 0x00007ffde7060000 	C:\Windows\SYSTEM32\windows.storage.dll
0x00007ffdea3b0000 - 0x00007ffdea705000 	C:\Windows\System32\combase.dll
0x00007ffde8200000 - 0x00007ffde822c000 	C:\Windows\SYSTEM32\Wldp.dll
0x00007ffde9240000 - 0x00007ffde92ee000 	C:\Windows\System32\SHCORE.dll
0x00007ffde93e0000 - 0x00007ffde9435000 	C:\Windows\System32\shlwapi.dll
0x00007ffde86d0000 - 0x00007ffde86ef000 	C:\Windows\SYSTEM32\profapi.dll
0x00007ffde3400000 - 0x00007ffde341a000 	C:\Program Files\Android\Android Studio\jre\jre\bin\net.dll
0x00007ffde7f80000 - 0x00007ffde7fea000 	C:\Windows\system32\mswsock.dll
0x00007ffde33e0000 - 0x00007ffde33f3000 	C:\Program Files\Android\Android Studio\jre\jre\bin\nio.dll
0x00007ffde29a0000 - 0x00007ffde29c7000 	C:\Users\Akmal\.gradle\native\f6784746aeab05261644944871eae4fe03e0ef1612fff0a4a95f87b438bc6780\windows-amd64\native-platform.dll
0x00007ffde33d0000 - 0x00007ffde33dd000 	C:\Program Files\Android\Android Studio\jre\jre\bin\management.dll
0x00007ffde8150000 - 0x00007ffde8168000 	C:\Windows\SYSTEM32\CRYPTSP.dll
0x00007ffde78b0000 - 0x00007ffde78e4000 	C:\Windows\system32\rsaenh.dll
0x00007ffde8a40000 - 0x00007ffde8a67000 	C:\Windows\System32\bcrypt.dll
0x00007ffde8650000 - 0x00007ffde867e000 	C:\Windows\SYSTEM32\USERENV.dll
0x00007ffde9030000 - 0x00007ffde90b0000 	C:\Windows\System32\bcryptprimitives.dll
0x00007ffde8170000 - 0x00007ffde817c000 	C:\Windows\SYSTEM32\CRYPTBASE.dll
0x00007ffde7c20000 - 0x00007ffde7c5b000 	C:\Windows\SYSTEM32\IPHLPAPI.DLL
0x00007ffde91e0000 - 0x00007ffde91e8000 	C:\Windows\System32\NSI.dll
0x00007ffde10e0000 - 0x00007ffde10f7000 	C:\Windows\SYSTEM32\dhcpcsvc6.DLL
0x00007ffde1210000 - 0x00007ffde122d000 	C:\Windows\SYSTEM32\dhcpcsvc.DLL
0x00007ffde7c70000 - 0x00007ffde7d3b000 	C:\Windows\SYSTEM32\DNSAPI.dll
0x00007ffde1c00000 - 0x00007ffde1c0b000 	C:\Windows\SYSTEM32\WINNSI.DLL
0x00007ffde4660000 - 0x00007ffde467e000 	C:\Users\Akmal\AppData\Local\Temp\native-platform1046818748302361197dir\native-platform.dll
0x0000000066e00000 - 0x0000000066f03000 	C:\Users\Akmal\AppData\Local\Temp\sqlite-3.25.2-ca79f92d-66e8-4411-90c6-78f67a9c7a9c-sqlitejdbc.dll

VM Arguments:
jvm_args: -Xmx2048m -Dfile.encoding=UTF-8 -Duser.country=RU -Duser.language=ru -Duser.variant 
java_command: org.gradle.launcher.daemon.bootstrap.GradleDaemon 6.5
java_class_path (initial): C:\Users\Akmal\.gradle\wrapper\dists\gradle-6.5-bin\6nifqtx7604sqp1q6g8wikw7p\gradle-6.5\lib\gradle-launcher-6.5.jar
Launcher Type: SUN_STANDARD

Environment Variables:
PATH=C:\Windows\system32;C:\Windows;C:\Windows\System32\Wbem;C:\Windows\System32\WindowsPowerShell\v1.0\;C:\Windows\System32\OpenSSH\;C:\Program Files\Git\cmd;C:\Users\Akmal\AppData\Local\Microsoft\WindowsApps;;C:\Program Files\JetBrains\PyCharm Community Edition 2020.3.2\bin;
USERNAME=Akmal
OS=Windows_NT
PROCESSOR_IDENTIFIER=Intel64 Family 6 Model 142 Stepping 9, GenuineIntel



---------------  S Y S T E M  ---------------

OS: Windows 10.0 , 64 bit Build 19041 (10.0.19041.804)

CPU:total 4 (initial active 4) (2 cores per cpu, 2 threads per core) family 6 model 142 stepping 9, cmov, cx8, fxsr, mmx, sse, sse2, sse3, ssse3, sse4.1, sse4.2, popcnt, avx, avx2, aes, clmul, erms, 3dnowpref, lzcnt, ht, tsc, tscinvbit, bmi1, bmi2, adx

Memory: 4k page, physical 8303528k(671640k free), swap 10400680k(5212k free)

vm_info: OpenJDK 64-Bit Server VM (25.242-b01) for windows-amd64 JRE (1.8.0_242-release-1644-b01), built by "builder" with MS VC++ 10.0 (VS2010)

time: Fri Mar 19 10:42:59 2021
timezone: Западная Азия (зима)
elapsed time: 85 seconds (0d 0h 1m 25s)

